# Logfile created on 2014-01-11 10:29:47 +0800 by logger.rb/41954
I, [2014-01-11T10:29:47.520549 #7448]  INFO -- : 0:  rake (10.1.1) from C:/Ruby200-x64/lib/ruby/gems/2.0.0/specifications/rake-10.1.1.gemspec
I, [2014-01-11T10:29:47.521549 #7448]  INFO -- : 0:  i18n (0.6.9) from C:/Ruby200-x64/lib/ruby/gems/2.0.0/specifications/i18n-0.6.9.gemspec
I, [2014-01-11T10:29:47.521549 #7448]  INFO -- : 0:  minitest (4.7.5) from C:/Ruby200-x64/lib/ruby/gems/2.0.0/specifications/minitest-4.7.5.gemspec
I, [2014-01-11T10:29:49.452660 #7448]  INFO -- : 0:  multi_json (1.8.4) from C:/Ruby200-x64/lib/ruby/gems/2.0.0/specifications/multi_json-1.8.4.gemspec
I, [2014-01-11T10:29:49.453660 #7448]  INFO -- : 0:  atomic (1.1.14) from C:/Ruby200-x64/lib/ruby/gems/2.0.0/specifications/atomic-1.1.14.gemspec
I, [2014-01-11T10:29:49.454660 #7448]  INFO -- : 0:  thread_safe (0.1.3) from C:/Ruby200-x64/lib/ruby/gems/2.0.0/specifications/thread_safe-0.1.3.gemspec
I, [2014-01-11T10:29:49.455660 #7448]  INFO -- : 0:  tzinfo (0.3.38) from C:/Ruby200-x64/lib/ruby/gems/2.0.0/specifications/tzinfo-0.3.38.gemspec
I, [2014-01-11T10:29:49.455660 #7448]  INFO -- : 0:  activesupport (4.0.2) from C:/Ruby200-x64/lib/ruby/gems/2.0.0/specifications/activesupport-4.0.2.gemspec
I, [2014-01-11T10:29:49.456660 #7448]  INFO -- : 0:  builder (3.1.4) from C:/Ruby200-x64/lib/ruby/gems/2.0.0/specifications/builder-3.1.4.gemspec
I, [2014-01-11T10:29:49.457660 #7448]  INFO -- : 0:  erubis (2.7.0) from C:/Ruby200-x64/lib/ruby/gems/2.0.0/specifications/erubis-2.7.0.gemspec
I, [2014-01-11T10:29:49.457660 #7448]  INFO -- : 0:  rack (1.5.2) from C:/Ruby200-x64/lib/ruby/gems/2.0.0/specifications/rack-1.5.2.gemspec
I, [2014-01-11T10:29:49.458660 #7448]  INFO -- : 0:  rack-test (0.6.2) from C:/Ruby200-x64/lib/ruby/gems/2.0.0/specifications/rack-test-0.6.2.gemspec
I, [2014-01-11T10:29:49.459660 #7448]  INFO -- : 0:  actionpack (4.0.2) from C:/Ruby200-x64/lib/ruby/gems/2.0.0/specifications/actionpack-4.0.2.gemspec
I, [2014-01-11T10:29:49.461660 #7448]  INFO -- : 0:  mime-types (1.25.1) from C:/Ruby200-x64/lib/ruby/gems/2.0.0/specifications/mime-types-1.25.1.gemspec
I, [2014-01-11T10:29:49.463660 #7448]  INFO -- : 0:  polyglot (0.3.3) from C:/Ruby200-x64/lib/ruby/gems/2.0.0/specifications/polyglot-0.3.3.gemspec
I, [2014-01-11T10:29:49.466661 #7448]  INFO -- : 0:  treetop (1.4.15) from C:/Ruby200-x64/lib/ruby/gems/2.0.0/specifications/treetop-1.4.15.gemspec
I, [2014-01-11T10:29:49.468661 #7448]  INFO -- : 0:  mail (2.5.4) from C:/Ruby200-x64/lib/ruby/gems/2.0.0/specifications/mail-2.5.4.gemspec
I, [2014-01-11T10:29:49.470661 #7448]  INFO -- : 0:  actionmailer (4.0.2) from C:/Ruby200-x64/lib/ruby/gems/2.0.0/specifications/actionmailer-4.0.2.gemspec
I, [2014-01-11T10:29:49.472661 #7448]  INFO -- : 0:  activemodel (4.0.2) from C:/Ruby200-x64/lib/ruby/gems/2.0.0/specifications/activemodel-4.0.2.gemspec
I, [2014-01-11T10:29:49.474661 #7448]  INFO -- : 0:  activerecord-deprecated_finders (1.0.3) from C:/Ruby200-x64/lib/ruby/gems/2.0.0/specifications/activerecord-deprecated_finders-1.0.3.gemspec
I, [2014-01-11T10:29:49.476661 #7448]  INFO -- : 0:  arel (4.0.1) from C:/Ruby200-x64/lib/ruby/gems/2.0.0/specifications/arel-4.0.1.gemspec
I, [2014-01-11T10:29:49.479661 #7448]  INFO -- : 0:  activerecord (4.0.2) from C:/Ruby200-x64/lib/ruby/gems/2.0.0/specifications/activerecord-4.0.2.gemspec
I, [2014-01-11T10:29:49.481661 #7448]  INFO -- : 0:  bundler (1.5.1) from C:/Ruby200-x64/lib/ruby/gems/2.0.0/specifications/bundler-1.5.1.gemspec
I, [2014-01-11T10:29:49.483661 #7448]  INFO -- : 0:  coffee-script-source (1.6.3) from C:/Ruby200-x64/lib/ruby/gems/2.0.0/specifications/coffee-script-source-1.6.3.gemspec
I, [2014-01-11T10:29:49.486662 #7448]  INFO -- : 0:  execjs (2.0.2) from C:/Ruby200-x64/lib/ruby/gems/2.0.0/specifications/execjs-2.0.2.gemspec
I, [2014-01-11T10:29:49.488662 #7448]  INFO -- : 0:  coffee-script (2.2.0) from C:/Ruby200-x64/lib/ruby/gems/2.0.0/specifications/coffee-script-2.2.0.gemspec
I, [2014-01-11T10:29:49.489662 #7448]  INFO -- : 0:  thor (0.18.1) from C:/Ruby200-x64/lib/ruby/gems/2.0.0/specifications/thor-0.18.1.gemspec
I, [2014-01-11T10:29:49.490662 #7448]  INFO -- : 0:  railties (4.0.2) from C:/Ruby200-x64/lib/ruby/gems/2.0.0/specifications/railties-4.0.2.gemspec
I, [2014-01-11T10:29:49.490662 #7448]  INFO -- : 0:  coffee-rails (4.0.1) from C:/Ruby200-x64/lib/ruby/gems/2.0.0/specifications/coffee-rails-4.0.1.gemspec
I, [2014-01-11T10:29:49.491662 #7448]  INFO -- : 0:  hike (1.2.3) from C:/Ruby200-x64/lib/ruby/gems/2.0.0/specifications/hike-1.2.3.gemspec
I, [2014-01-11T10:29:49.492662 #7448]  INFO -- : 0:  jbuilder (1.5.3) from C:/Ruby200-x64/lib/ruby/gems/2.0.0/specifications/jbuilder-1.5.3.gemspec
I, [2014-01-11T10:29:49.492662 #7448]  INFO -- : 0:  jquery-rails (3.0.4) from C:/Ruby200-x64/lib/ruby/gems/2.0.0/specifications/jquery-rails-3.0.4.gemspec
I, [2014-01-11T10:29:49.493662 #7448]  INFO -- : 0:  json (1.8.1) from C:/Ruby200-x64/lib/ruby/gems/2.0.0/specifications/json-1.8.1.gemspec
I, [2014-01-11T10:29:49.494662 #7448]  INFO -- : 0:  tilt (1.4.1) from C:/Ruby200-x64/lib/ruby/gems/2.0.0/specifications/tilt-1.4.1.gemspec
I, [2014-01-11T10:29:49.494662 #7448]  INFO -- : 0:  sprockets (2.10.1) from C:/Ruby200-x64/lib/ruby/gems/2.0.0/specifications/sprockets-2.10.1.gemspec
I, [2014-01-11T10:29:49.495662 #7448]  INFO -- : 0:  sprockets-rails (2.0.1) from C:/Ruby200-x64/lib/ruby/gems/2.0.0/specifications/sprockets-rails-2.0.1.gemspec
I, [2014-01-11T10:29:49.496662 #7448]  INFO -- : 0:  rails (4.0.2) from C:/Ruby200-x64/lib/ruby/gems/2.0.0/specifications/rails-4.0.2.gemspec
I, [2014-01-11T10:30:06.549638 #7448]  INFO -- : 0:  rdoc (4.1.1) from C:/Ruby200-x64/lib/ruby/gems/2.0.0/specifications/rdoc-4.1.1.gemspec
I, [2014-01-11T10:30:06.550638 #7448]  INFO -- : 0:  sass (3.2.13) from C:/Ruby200-x64/lib/ruby/gems/2.0.0/specifications/sass-3.2.13.gemspec
I, [2014-01-11T10:30:06.550638 #7448]  INFO -- : 0:  sass-rails (4.0.1) from C:/Ruby200-x64/lib/ruby/gems/2.0.0/specifications/sass-rails-4.0.1.gemspec
I, [2014-01-11T10:30:10.729877 #7448]  INFO -- : 0:  sdoc (0.4.0) from C:/Ruby200-x64/lib/ruby/gems/2.0.0/specifications/sdoc-0.4.0.gemspec
I, [2014-01-11T10:30:10.730877 #7448]  INFO -- : 0:  sqlite3 (1.3.8) from C:/Ruby200-x64/lib/ruby/gems/2.0.0/specifications/sqlite3-1.3.8-x64-mingw32.gemspec
I, [2014-01-11T10:30:12.077954 #7448]  INFO -- : 0:  turbolinks (2.2.0) from C:/Ruby200-x64/lib/ruby/gems/2.0.0/specifications/turbolinks-2.2.0.gemspec
I, [2014-01-11T10:30:12.078954 #7448]  INFO -- : 0:  uglifier (2.4.0) from C:/Ruby200-x64/lib/ruby/gems/2.0.0/specifications/uglifier-2.4.0.gemspec
I, [2014-01-12T11:15:07.168678 #6208]  INFO -- : 0:  rake (10.1.1) from C:/Ruby200-x64/lib/ruby/gems/2.0.0/specifications/rake-10.1.1.gemspec
I, [2014-01-12T11:15:07.184679 #6208]  INFO -- : 0:  i18n (0.6.9) from C:/Ruby200-x64/lib/ruby/gems/2.0.0/specifications/i18n-0.6.9.gemspec
I, [2014-01-12T11:15:07.185679 #6208]  INFO -- : 0:  minitest (4.7.5) from C:/Ruby200-x64/lib/ruby/gems/2.0.0/specifications/minitest-4.7.5.gemspec
I, [2014-01-12T11:15:07.187679 #6208]  INFO -- : 0:  multi_json (1.8.4) from C:/Ruby200-x64/lib/ruby/gems/2.0.0/specifications/multi_json-1.8.4.gemspec
I, [2014-01-12T11:15:07.188680 #6208]  INFO -- : 0:  atomic (1.1.14) from C:/Ruby200-x64/lib/ruby/gems/2.0.0/specifications/atomic-1.1.14.gemspec
I, [2014-01-12T11:15:07.189680 #6208]  INFO -- : 0:  thread_safe (0.1.3) from C:/Ruby200-x64/lib/ruby/gems/2.0.0/specifications/thread_safe-0.1.3.gemspec
I, [2014-01-12T11:15:07.190680 #6208]  INFO -- : 0:  tzinfo (0.3.38) from C:/Ruby200-x64/lib/ruby/gems/2.0.0/specifications/tzinfo-0.3.38.gemspec
I, [2014-01-12T11:15:07.191680 #6208]  INFO -- : 0:  activesupport (4.0.2) from C:/Ruby200-x64/lib/ruby/gems/2.0.0/specifications/activesupport-4.0.2.gemspec
I, [2014-01-12T11:15:07.192680 #6208]  INFO -- : 0:  builder (3.1.4) from C:/Ruby200-x64/lib/ruby/gems/2.0.0/specifications/builder-3.1.4.gemspec
I, [2014-01-12T11:15:07.193680 #6208]  INFO -- : 0:  erubis (2.7.0) from C:/Ruby200-x64/lib/ruby/gems/2.0.0/specifications/erubis-2.7.0.gemspec
I, [2014-01-12T11:15:07.195680 #6208]  INFO -- : 0:  rack (1.5.2) from C:/Ruby200-x64/lib/ruby/gems/2.0.0/specifications/rack-1.5.2.gemspec
I, [2014-01-12T11:15:07.196680 #6208]  INFO -- : 0:  rack-test (0.6.2) from C:/Ruby200-x64/lib/ruby/gems/2.0.0/specifications/rack-test-0.6.2.gemspec
I, [2014-01-12T11:15:07.197680 #6208]  INFO -- : 0:  actionpack (4.0.2) from C:/Ruby200-x64/lib/ruby/gems/2.0.0/specifications/actionpack-4.0.2.gemspec
I, [2014-01-12T11:15:07.198680 #6208]  INFO -- : 0:  mime-types (1.25.1) from C:/Ruby200-x64/lib/ruby/gems/2.0.0/specifications/mime-types-1.25.1.gemspec
I, [2014-01-12T11:15:07.199680 #6208]  INFO -- : 0:  polyglot (0.3.3) from C:/Ruby200-x64/lib/ruby/gems/2.0.0/specifications/polyglot-0.3.3.gemspec
I, [2014-01-12T11:15:07.200680 #6208]  INFO -- : 0:  treetop (1.4.15) from C:/Ruby200-x64/lib/ruby/gems/2.0.0/specifications/treetop-1.4.15.gemspec
I, [2014-01-12T11:15:07.201680 #6208]  INFO -- : 0:  mail (2.5.4) from C:/Ruby200-x64/lib/ruby/gems/2.0.0/specifications/mail-2.5.4.gemspec
I, [2014-01-12T11:15:07.202680 #6208]  INFO -- : 0:  actionmailer (4.0.2) from C:/Ruby200-x64/lib/ruby/gems/2.0.0/specifications/actionmailer-4.0.2.gemspec
I, [2014-01-12T11:15:07.203680 #6208]  INFO -- : 0:  activemodel (4.0.2) from C:/Ruby200-x64/lib/ruby/gems/2.0.0/specifications/activemodel-4.0.2.gemspec
I, [2014-01-12T11:15:07.205680 #6208]  INFO -- : 0:  activerecord-deprecated_finders (1.0.3) from C:/Ruby200-x64/lib/ruby/gems/2.0.0/specifications/activerecord-deprecated_finders-1.0.3.gemspec
I, [2014-01-12T11:15:07.206681 #6208]  INFO -- : 0:  arel (4.0.1) from C:/Ruby200-x64/lib/ruby/gems/2.0.0/specifications/arel-4.0.1.gemspec
I, [2014-01-12T11:15:07.207681 #6208]  INFO -- : 0:  activerecord (4.0.2) from C:/Ruby200-x64/lib/ruby/gems/2.0.0/specifications/activerecord-4.0.2.gemspec
I, [2014-01-12T11:15:07.208681 #6208]  INFO -- : 0:  bundler (1.5.1) from C:/Ruby200-x64/lib/ruby/gems/2.0.0/specifications/bundler-1.5.1.gemspec
I, [2014-01-12T11:15:07.209681 #6208]  INFO -- : 0:  coffee-script-source (1.6.3) from C:/Ruby200-x64/lib/ruby/gems/2.0.0/specifications/coffee-script-source-1.6.3.gemspec
I, [2014-01-12T11:15:07.210681 #6208]  INFO -- : 0:  execjs (2.0.2) from C:/Ruby200-x64/lib/ruby/gems/2.0.0/specifications/execjs-2.0.2.gemspec
I, [2014-01-12T11:15:07.211681 #6208]  INFO -- : 0:  coffee-script (2.2.0) from C:/Ruby200-x64/lib/ruby/gems/2.0.0/specifications/coffee-script-2.2.0.gemspec
I, [2014-01-12T11:15:07.212681 #6208]  INFO -- : 0:  thor (0.18.1) from C:/Ruby200-x64/lib/ruby/gems/2.0.0/specifications/thor-0.18.1.gemspec
I, [2014-01-12T11:15:07.213681 #6208]  INFO -- : 0:  railties (4.0.2) from C:/Ruby200-x64/lib/ruby/gems/2.0.0/specifications/railties-4.0.2.gemspec
I, [2014-01-12T11:15:07.214681 #6208]  INFO -- : 0:  coffee-rails (4.0.1) from C:/Ruby200-x64/lib/ruby/gems/2.0.0/specifications/coffee-rails-4.0.1.gemspec
I, [2014-01-12T11:15:07.215681 #6208]  INFO -- : 0:  hike (1.2.3) from C:/Ruby200-x64/lib/ruby/gems/2.0.0/specifications/hike-1.2.3.gemspec
I, [2014-01-12T11:15:07.216681 #6208]  INFO -- : 0:  jbuilder (1.5.3) from C:/Ruby200-x64/lib/ruby/gems/2.0.0/specifications/jbuilder-1.5.3.gemspec
I, [2014-01-12T11:15:07.217681 #6208]  INFO -- : 0:  jquery-rails (3.0.4) from C:/Ruby200-x64/lib/ruby/gems/2.0.0/specifications/jquery-rails-3.0.4.gemspec
I, [2014-01-12T11:15:07.218681 #6208]  INFO -- : 0:  json (1.8.1) from C:/Ruby200-x64/lib/ruby/gems/2.0.0/specifications/json-1.8.1.gemspec
I, [2014-01-12T11:15:09.324802 #6208]  INFO -- : 0:  kaminari (0.15.0) from C:/Ruby200-x64/lib/ruby/gems/2.0.0/specifications/kaminari-0.15.0.gemspec
I, [2014-01-12T11:15:09.328802 #6208]  INFO -- : 0:  tilt (1.4.1) from C:/Ruby200-x64/lib/ruby/gems/2.0.0/specifications/tilt-1.4.1.gemspec
I, [2014-01-12T11:15:09.333802 #6208]  INFO -- : 0:  sprockets (2.10.1) from C:/Ruby200-x64/lib/ruby/gems/2.0.0/specifications/sprockets-2.10.1.gemspec
I, [2014-01-12T11:15:09.338802 #6208]  INFO -- : 0:  sprockets-rails (2.0.1) from C:/Ruby200-x64/lib/ruby/gems/2.0.0/specifications/sprockets-rails-2.0.1.gemspec
I, [2014-01-12T11:15:09.342803 #6208]  INFO -- : 0:  rails (4.0.2) from C:/Ruby200-x64/lib/ruby/gems/2.0.0/specifications/rails-4.0.2.gemspec
I, [2014-01-12T11:15:09.348803 #6208]  INFO -- : 0:  rdoc (4.1.1) from C:/Ruby200-x64/lib/ruby/gems/2.0.0/specifications/rdoc-4.1.1.gemspec
I, [2014-01-12T11:15:09.350803 #6208]  INFO -- : 0:  sass (3.2.13) from C:/Ruby200-x64/lib/ruby/gems/2.0.0/specifications/sass-3.2.13.gemspec
I, [2014-01-12T11:15:09.351803 #6208]  INFO -- : 0:  sass-rails (4.0.1) from C:/Ruby200-x64/lib/ruby/gems/2.0.0/specifications/sass-rails-4.0.1.gemspec
I, [2014-01-12T11:15:09.353803 #6208]  INFO -- : 0:  sdoc (0.4.0) from C:/Ruby200-x64/lib/ruby/gems/2.0.0/specifications/sdoc-0.4.0.gemspec
I, [2014-01-12T11:15:09.355803 #6208]  INFO -- : 0:  sqlite3 (1.3.8) from C:/Ruby200-x64/lib/ruby/gems/2.0.0/specifications/sqlite3-1.3.8-x64-mingw32.gemspec
I, [2014-01-12T11:15:09.356804 #6208]  INFO -- : 0:  turbolinks (2.2.0) from C:/Ruby200-x64/lib/ruby/gems/2.0.0/specifications/turbolinks-2.2.0.gemspec
I, [2014-01-12T11:15:09.357804 #6208]  INFO -- : 0:  uglifier (2.4.0) from C:/Ruby200-x64/lib/ruby/gems/2.0.0/specifications/uglifier-2.4.0.gemspec
